<?xml version="1.0" encoding="UTF-8"?>
<!-- Generated by org.testng.reporters.JUnitReportReporter -->
<testsuite hostname="DESKTOP-FDCDDJ4" failures="0" tests="1" name="SecurePayTest.tests.SecurePayContactUsTest" time="30.770" errors="0" timestamp="10 Jun 2019 08:55:52 GMT" skipped="0">
  <testcase classname="SecurePayTest.tests.SecurePayContactUsTest" name="contactUsTest" time="30.770"/>
</testsuite> <!-- SecurePayTest.tests.SecurePayContactUsTest -->
